<?xml version="1.0" encoding="UTF-8"?>
<!-- Generated by org.testng.reporters.JUnitXMLReporter -->
<testsuite hostname="in-pushyamk-1" name="CPS INtake" tests="1" failures="1" timestamp="1 Mar 2017 10:50:06 GMT" time="178.248" errors="0">
  <testcase name="EditAllegation" time="172.01" classname="TestScript.AllegationTest">
    <failure type="java.lang.AssertionError" message="Allegation type is not changed expected [true] but found [false]">
      <![CDATA[java.lang.AssertionError: Allegation type is not changed expected [true] but found [false]
	at TestScript.AllegationTest.EditAllegation(AllegationTest.java:145)
... Removed 28 stack frames]]>
    </failure>
  </testcase> <!-- EditAllegation -->
</testsuite> <!-- CPS INtake -->
