<?xml version="1.0" encoding="UTF-8"?>
<!-- Generated by org.testng.reporters.JUnitXMLReporter -->
<testsuite hostname="in-pushyamk-1" name="MR Portal User Stories Script" tests="13" failures="1" timestamp="20 Mar 2017 09:01:37 GMT" time="858.596" errors="0">
  <testcase name="SaveReporterProfileWithRequiredFieldOnly" time="28.099" classname="TestScript.ReporterProfileTest"/>
  <testcase name="VerifyRequiredFieldValidationMessage" time="22.116" classname="TestScript.ReporterProfileTest"/>
  <testcase name="VerifySignUp" time="16.079" classname="TestScript.ReporterProfileTest"/>
  <testcase name="VerifyUniqueUserName" time="18.501" classname="TestScript.ReporterProfileTest"/>
  <testcase name="DeleteComplaintParticipant" time="28.328" classname="TestScript.ComplaintParticipantTest"/>
  <testcase name="SaveComplaintParticipantWithRequiredFieldOnly" time="24.07" classname="TestScript.ComplaintParticipantTest"/>
  <testcase name="VerifySameAsAddress" time="21.647" classname="TestScript.ComplaintParticipantTest">
    <failure type="java.lang.AssertionError" message="Address line 1 is not correct expected [true] but found [false]">
      <![CDATA[java.lang.AssertionError: Address line 1 is not correct expected [true] but found [false]
	at TestScript.ComplaintParticipantTest.VerifySameAsAddress(ComplaintParticipantTest.java:151)
... Removed 28 stack frames]]>
    </failure>
  </testcase> <!-- VerifySameAsAddress -->
  <testcase name="VerifyUnkownAddress" time="20.236" classname="TestScript.ComplaintParticipantTest"/>
  <testcase name="DeleteAllegation" time="52.771" classname="TestScript.AllegationTest"/>
  <testcase name="EditAllegation" time="71.599" classname="TestScript.AllegationTest"/>
  <testcase name="SaveAllegationWithRequiredFieldOnly" time="34.776" classname="TestScript.AllegationTest"/>
  <testcase name="SubmitTheComplaint" time="310.725" classname="TestScript.ComplaintSummaryTest"/>
  <testcase name="VerifyInProgressComplaint" time="113.407" classname="TestScript.MyComplaintPageTest"/>
</testsuite> <!-- MR Portal User Stories Script -->
