<?xml version="1.0" encoding="UTF-8"?>
<!-- Generated by org.testng.reporters.JUnitXMLReporter -->
<testsuite hostname="in-pushyamk-1" name="Simple Test" tests="6" failures="0" timestamp="26 Dec 2016 07:19:51 GMT" time="305.785" errors="0">
  <testcase name="LinkPerson" time="45.709" classname="TestScripts.UserStory23Test"/>
  <testcase name="VerifyAddParticipant" time="50.038" classname="TestScripts.UserStory23Test"/>
  <testcase name="VerifyCreateNonCPS" time="40.962" classname="TestScripts.UserStory23Test"/>
  <testcase name="VerifyDeleteParticipant" time="42.873" classname="TestScripts.UserStory23Test"/>
  <testcase name="VerifyEditParticipant" time="35.265" classname="TestScripts.UserStory23Test"/>
  <testcase name="VerifyLinkParticipant" time="52.239" classname="TestScripts.UserStory23Test"/>
</testsuite> <!-- Simple Test -->
